SF:lib\domain\models\city.freezed.dart
DA:10,0
DA:14,0
DA:17,0
DA:18,0
DA:48,0
DA:54,0
DA:60,0
DA:61,0
DA:62,0
DA:63,0
DA:79,0
DA:80,0
DA:82,0
DA:83,0
DA:85,0
DA:91,0
DA:92,0
DA:93,0
DA:94,0
DA:101,4
DA:102,0
DA:103,0
DA:104,0
DA:113,0
DA:115,0
DA:118,3
DA:121,2
DA:122,4
DA:123,3
DA:124,4
DA:126,3
DA:127,4
DA:128,3
DA:131,0
DA:133,0
DA:134,0
DA:135,0
DA:136,0
DA:138,0
DA:140,0
DA:158,0
DA:161,0
DA:162,0
DA:168,0
DA:169,0
DA:214,0
DA:232,0
DA:234,0
DA:236,0
DA:237,0
DA:239,0
DA:243,0
DA:244,0
DA:251,2
DA:256,0
DA:258,0
DA:261,2
DA:264,1
DA:265,2
DA:266,3
DA:269,0
DA:271,0
DA:273,0
DA:275,0
DA:277,0
DA:283,0
DA:284,0
DA:285,0
DA:288,0
DA:295,0
DA:297,0
DA:299,0
DA:302,0
DA:308,0
DA:309,0
DA:310,0
DA:313,0
DA:320,0
DA:322,0
DA:324,0
DA:346,0
DA:348,0
DA:350,0
DA:351,0
DA:353,0
DA:357,0
DA:358,0
DA:365,2
DA:370,0
DA:372,0
DA:375,2
DA:378,1
DA:379,2
DA:380,0
DA:383,0
DA:385,0
DA:387,0
DA:389,0
DA:391,0
DA:397,0
DA:398,0
DA:399,0
DA:402,0
DA:409,0
DA:411,0
DA:413,0
DA:416,0
DA:422,0
DA:423,0
DA:424,0
DA:427,0
DA:434,0
DA:436,0
DA:438,0
LF:114
LH:18
end_of_record
SF:lib\domain\usecases\add_city_to_watch.dart
DA:7,2
DA:10,1
DA:12,3
LF:3
LH:3
end_of_record
SF:lib\domain\usecases\fetch_cities.dart
DA:7,1
DA:9,1
DA:10,3
LF:3
LH:3
end_of_record
SF:lib\domain\usecases\fetch_hourly_forecast_by_hour.dart
DA:4,2
DA:7,10
DA:8,2
LF:3
LH:3
end_of_record
SF:lib\domain\models\weather.freezed.dart
DA:10,0
DA:14,0
DA:17,0
DA:31,0
DA:94,0
DA:100,0
DA:116,0
DA:117,0
DA:119,0
DA:120,0
DA:121,0
DA:123,0
DA:124,0
DA:126,0
DA:127,0
DA:128,0
DA:129,0
DA:130,0
DA:132,0
DA:133,0
DA:134,0
DA:135,0
DA:137,0
DA:138,0
DA:169,0
DA:171,0
DA:173,0
DA:174,0
DA:176,0
DA:192,0
DA:193,0
DA:194,0
DA:195,0
DA:196,0
DA:198,0
DA:199,0
DA:200,0
DA:201,0
DA:202,0
DA:203,0
DA:204,0
DA:205,0
DA:206,0
DA:207,0
DA:209,0
DA:210,0
DA:218,5
DA:232,0
DA:233,0
DA:234,0
DA:235,0
DA:236,0
DA:237,0
DA:238,0
DA:239,0
DA:240,0
DA:241,0
DA:242,0
DA:243,0
DA:244,0
DA:273,0
DA:275,0
DA:278,2
DA:281,1
DA:282,2
DA:284,3
DA:285,2
DA:287,3
DA:288,2
DA:290,0
DA:291,2
DA:292,3
DA:293,2
DA:295,3
DA:296,2
DA:298,0
DA:299,2
DA:301,0
DA:302,2
DA:304,0
DA:305,2
DA:307,0
DA:308,2
DA:310,0
DA:311,2
DA:313,3
DA:314,2
DA:316,3
DA:317,2
DA:319,3
DA:322,0
DA:324,0
DA:325,0
DA:326,0
DA:327,0
DA:328,0
DA:329,0
DA:330,0
DA:331,0
DA:332,0
DA:333,0
DA:334,0
DA:335,0
DA:336,0
DA:337,0
DA:339,0
DA:341,0
DA:392,0
DA:395,0
DA:396,0
DA:428,0
DA:434,0
DA:440,0
DA:441,0
DA:442,0
DA:444,0
DA:463,0
DA:465,0
DA:467,0
DA:468,0
DA:470,0
DA:476,0
DA:477,0
DA:478,0
DA:479,0
DA:486,3
DA:487,0
DA:488,0
DA:489,0
DA:498,0
DA:500,0
DA:503,2
DA:506,2
DA:507,4
DA:508,6
DA:509,4
DA:510,3
DA:511,4
DA:513,0
DA:516,0
DA:518,0
DA:519,0
DA:520,0
DA:521,0
DA:523,0
DA:525,0
DA:544,0
DA:547,0
DA:549,0
DA:584,0
DA:590,0
DA:597,0
DA:598,0
DA:599,0
DA:600,0
DA:602,0
DA:603,0
DA:605,0
DA:625,0
DA:627,0
DA:629,0
DA:630,0
DA:632,0
DA:639,0
DA:640,0
DA:641,0
DA:642,0
DA:643,0
DA:650,2
DA:652,0
DA:653,0
DA:654,0
DA:655,0
DA:666,0
DA:668,0
DA:671,1
DA:674,1
DA:675,2
DA:676,3
DA:677,2
DA:679,0
DA:680,2
DA:682,0
DA:683,2
DA:684,3
DA:687,0
DA:689,0
DA:690,0
DA:691,0
DA:692,0
DA:693,0
DA:695,0
DA:697,0
DA:719,0
DA:722,0
DA:723,0
DA:729,0
DA:730,0
DA:776,0
DA:797,0
DA:799,0
DA:801,0
DA:802,0
DA:804,0
DA:808,0
DA:809,0
DA:813,0
DA:815,0
DA:818,0
DA:819,0
DA:826,5
DA:831,0
DA:833,0
DA:836,3
DA:839,1
DA:840,2
DA:841,3
DA:844,0
DA:846,0
DA:848,0
DA:850,0
DA:852,0
DA:858,0
DA:859,0
DA:860,0
DA:863,0
DA:870,0
DA:872,0
DA:874,0
DA:877,0
DA:883,0
DA:884,0
DA:885,0
DA:888,0
DA:895,0
DA:897,0
DA:899,0
DA:921,0
DA:923,0
DA:925,0
DA:926,0
DA:928,0
DA:932,0
DA:933,0
DA:940,4
DA:945,0
DA:947,0
DA:950,3
DA:953,1
DA:954,2
DA:955,0
DA:958,0
DA:960,0
DA:962,0
DA:964,0
DA:966,0
DA:972,0
DA:973,0
DA:974,0
DA:977,0
DA:984,0
DA:986,0
DA:988,0
DA:991,0
DA:997,0
DA:998,0
DA:999,0
DA:1002,0
DA:1009,0
DA:1011,0
DA:1013,0
LF:271
LH:49
end_of_record
SF:lib\domain\usecases\fetch_location.dart
DA:7,3
DA:9,3
DA:10,9
LF:3
LH:3
end_of_record
SF:lib\domain\models\location.freezed.dart
DA:10,0
DA:14,0
DA:17,0
DA:18,0
DA:46,0
DA:52,0
DA:57,0
DA:58,0
DA:59,0
DA:76,0
DA:78,0
DA:80,0
DA:81,0
DA:83,0
DA:88,0
DA:89,0
DA:90,0
DA:97,5
DA:98,0
DA:99,0
DA:106,0
DA:108,0
DA:111,0
DA:114,0
DA:115,0
DA:117,0
DA:118,0
DA:120,0
DA:123,0
DA:125,0
DA:126,0
DA:127,0
DA:129,0
DA:131,0
DA:148,0
DA:151,0
DA:152,0
DA:158,0
DA:159,0
DA:205,0
DA:226,0
DA:228,0
DA:230,0
DA:231,0
DA:233,0
DA:237,0
DA:238,0
DA:242,0
DA:244,0
DA:247,0
DA:248,0
DA:255,3
DA:260,0
DA:262,0
DA:265,1
DA:268,0
DA:269,0
DA:271,0
DA:274,0
DA:276,0
DA:278,0
DA:280,0
DA:282,2
DA:288,0
DA:289,0
DA:290,4
DA:293,0
DA:300,0
DA:302,0
DA:304,0
DA:307,0
DA:313,0
DA:314,0
DA:315,0
DA:318,0
DA:325,0
DA:327,0
DA:329,0
DA:352,0
DA:354,0
DA:356,0
DA:357,0
DA:359,0
DA:363,0
DA:364,0
DA:371,2
DA:376,0
DA:378,0
DA:381,1
DA:384,0
DA:385,0
DA:386,0
DA:389,0
DA:391,0
DA:393,0
DA:395,0
DA:397,1
DA:403,0
DA:404,0
DA:405,2
DA:408,0
DA:415,0
DA:417,0
DA:419,0
DA:422,0
DA:428,0
DA:429,0
DA:430,0
DA:433,0
DA:440,0
DA:442,0
DA:444,0
LF:112
LH:9
end_of_record
SF:lib\domain\usecases\fetch_weather_from_city.dart
DA:8,3
DA:11,2
DA:12,6
LF:3
LH:3
end_of_record
SF:lib\domain\usecases\fetch_weather_from_location.dart
DA:8,3
DA:11,3
DA:12,9
LF:3
LH:3
end_of_record
SF:lib\domain\models\fetch_weather_option.freezed.dart
DA:10,0
DA:14,0
DA:17,0
DA:22,0
DA:23,0
DA:69,0
DA:86,0
DA:87,0
DA:89,0
DA:90,0
DA:95,2
DA:97,0
DA:102,0
DA:104,0
DA:107,0
DA:108,0
DA:110,2
DA:116,0
DA:117,0
DA:118,2
DA:121,0
DA:128,0
DA:130,0
DA:132,0
DA:135,0
DA:141,0
DA:142,0
DA:143,0
DA:146,0
DA:153,0
DA:155,0
DA:157,0
DA:175,0
DA:176,0
DA:178,0
DA:179,0
DA:181,0
DA:185,0
DA:186,0
DA:193,1
DA:198,0
DA:200,0
DA:203,0
DA:206,0
DA:207,0
DA:208,0
DA:211,0
DA:213,0
DA:215,0
DA:217,0
DA:219,1
DA:225,0
DA:226,0
DA:227,2
DA:230,0
DA:237,0
DA:239,0
DA:241,0
DA:244,0
DA:250,0
DA:251,0
DA:252,0
DA:255,0
DA:262,0
DA:264,0
DA:266,0
LF:66
LH:6
end_of_record
SF:lib\domain\usecases\fetch_weather.dart
DA:13,2
DA:21,2
DA:22,6
DA:23,6
DA:24,6
DA:25,6
DA:26,2
DA:27,2
DA:30,1
DA:33,1
DA:34,3
DA:35,1
DA:36,1
LF:13
LH:13
end_of_record
SF:lib\domain\usecases\load_watched_cities.dart
DA:7,2
DA:9,2
DA:10,6
LF:3
LH:3
end_of_record
SF:lib\domain\usecases\search_cities.dart
DA:4,1
DA:5,5
LF:2
LH:2
end_of_record
SF:lib\local\repositories\location_repository.dart
DA:7,0
DA:8,0
DA:10,0
DA:12,0
DA:13,0
DA:15,0
DA:16,0
DA:17,0
DA:18,0
DA:19,0
DA:22,0
DA:23,0
DA:24,0
LF:13
LH:0
end_of_record
SF:lib\pages\cities_page.dart
DA:12,0
DA:13,0
DA:14,0
DA:15,0
DA:17,0
DA:18,0
DA:25,0
DA:27,0
DA:28,0
DA:31,0
DA:33,0
DA:34,0
DA:35,0
DA:37,0
DA:39,0
DA:40,0
DA:41,0
DA:43,0
DA:44,0
DA:45,0
DA:46,0
DA:47,0
DA:48,0
DA:54,0
DA:55,0
DA:57,0
DA:58,0
DA:59,0
DA:60,0
DA:61,0
DA:62,0
DA:63,0
DA:66,0
DA:67,0
DA:68,0
DA:69,0
DA:80,0
DA:82,0
DA:83,0
DA:84,0
DA:85,0
DA:88,0
LF:42
LH:0
end_of_record
SF:lib\pages\components\selected_location_drawer.dart
DA:17,1
DA:23,1
DA:24,1
DA:26,1
DA:28,1
DA:29,1
DA:35,1
DA:37,5
DA:38,2
DA:39,1
DA:42,1
DA:45,1
DA:47,1
DA:48,1
DA:49,1
DA:50,1
DA:51,2
DA:52,2
DA:54,1
DA:55,3
DA:56,1
DA:57,1
DA:59,1
DA:60,3
DA:61,1
DA:64,0
DA:65,0
DA:66,0
DA:68,0
DA:71,2
DA:72,0
DA:73,0
DA:74,0
DA:75,0
DA:76,0
DA:77,0
DA:82,0
DA:83,0
DA:84,0
DA:86,0
DA:87,0
DA:88,0
DA:90,0
DA:93,1
DA:94,1
DA:95,1
DA:96,0
DA:97,0
DA:99,0
DA:100,0
DA:101,0
DA:103,0
DA:104,0
DA:105,0
DA:106,0
LF:55
LH:29
end_of_record
SF:lib\pages\components\weather_condition_by_hour.dart
DA:6,0
DA:9,0
DA:13,0
DA:15,0
DA:16,0
DA:17,0
DA:18,0
DA:19,0
DA:20,0
DA:21,0
DA:23,0
DA:25,0
DA:26,0
DA:28,0
DA:29,0
DA:30,0
DA:32,0
DA:38,0
DA:40,0
DA:41,0
DA:44,0
DA:46,0
DA:47,0
DA:48,0
DA:51,0
LF:25
LH:0
end_of_record
SF:lib\pages\components\weather_current_condition_card.dart
DA:7,1
DA:11,1
DA:15,1
DA:17,1
DA:18,1
DA:20,1
DA:23,2
DA:24,1
DA:25,1
DA:26,1
DA:27,3
DA:28,1
DA:30,1
DA:31,2
DA:32,1
DA:38,1
DA:40,1
DA:41,4
DA:42,1
DA:45,1
DA:47,1
DA:48,1
DA:49,3
DA:50,1
DA:57,1
DA:59,1
DA:60,1
DA:61,1
DA:66,1
DA:67,2
DA:68,1
DA:69,1
DA:72,3
DA:74,1
DA:79,1
DA:80,1
DA:83,3
DA:87,1
DA:92,1
DA:93,1
DA:94,1
DA:95,1
DA:97,1
DA:100,3
DA:102,1
DA:107,1
DA:109,1
DA:112,3
DA:133,1
DA:135,1
DA:137,1
DA:139,2
DA:140,1
DA:142,1
DA:143,1
DA:148,1
DA:150,1
DA:153,1
DA:154,1
DA:155,2
DA:156,1
DA:158,1
DA:161,3
LF:63
LH:63
end_of_record
SF:lib\pages\home_page.dart
DA:30,1
DA:41,1
DA:43,1
DA:44,1
DA:51,1
DA:53,1
DA:54,1
DA:55,1
DA:58,1
DA:59,2
DA:60,1
DA:63,1
DA:64,1
DA:68,4
DA:70,1
DA:71,1
DA:72,0
DA:73,0
DA:74,0
DA:77,2
DA:78,2
DA:80,1
DA:81,1
DA:82,2
DA:83,2
DA:94,1
DA:100,1
DA:101,1
DA:102,1
DA:103,1
DA:104,1
DA:105,1
DA:107,1
DA:108,1
DA:115,1
DA:117,3
DA:118,1
DA:121,0
DA:123,0
DA:124,0
DA:125,0
DA:127,0
DA:130,1
DA:132,1
DA:135,1
DA:136,1
DA:137,1
DA:139,1
DA:140,1
DA:141,1
DA:145,2
DA:146,1
DA:149,1
DA:150,1
DA:152,1
DA:157,1
DA:159,1
DA:165,0
DA:166,0
DA:167,0
DA:168,0
DA:169,0
DA:173,0
DA:174,0
DA:177,2
DA:178,1
DA:179,1
DA:180,1
DA:181,1
DA:182,1
DA:183,1
DA:184,1
DA:186,1
DA:187,1
DA:188,1
DA:191,1
DA:192,1
DA:194,1
DA:195,1
DA:196,1
DA:197,1
DA:202,1
DA:204,1
DA:206,1
DA:208,2
DA:209,0
DA:210,0
DA:211,0
DA:219,1
DA:220,2
DA:222,4
DA:223,4
DA:224,1
DA:225,2
DA:226,1
DA:227,1
LF:96
LH:78
end_of_record
SF:lib\pages\weather_overview_page.dart
DA:10,1
DA:11,1
DA:13,1
DA:15,1
DA:16,1
DA:18,2
DA:19,0
DA:20,0
DA:21,0
DA:22,0
DA:23,0
DA:25,0
DA:26,0
DA:27,0
DA:31,2
DA:34,1
DA:36,1
DA:37,1
DA:38,1
DA:40,1
DA:42,6
DA:53,1
DA:56,1
DA:60,1
DA:62,1
DA:64,1
DA:67,1
DA:68,1
DA:69,2
DA:72,1
DA:74,1
DA:75,1
DA:76,1
DA:77,4
DA:78,1
DA:80,1
DA:81,4
DA:82,1
DA:87,1
DA:88,1
DA:91,1
DA:92,1
DA:93,3
DA:94,1
DA:96,1
DA:97,3
DA:98,1
LF:47
LH:39
end_of_record
SF:lib\network\models\city.freezed.dart
DA:10,0
DA:11,1
DA:12,1
DA:17,0
DA:20,0
DA:21,0
DA:27,0
DA:28,0
DA:53,0
DA:59,0
DA:63,0
DA:64,0
DA:81,0
DA:82,0
DA:84,0
DA:85,0
DA:87,0
DA:91,0
DA:92,0
DA:101,1
DA:103,1
DA:104,1
DA:109,0
DA:111,0
DA:114,0
DA:117,0
DA:118,0
DA:119,0
DA:122,0
DA:124,0
DA:126,0
DA:128,0
DA:130,0
DA:132,0
DA:148,1
DA:149,1
DA:154,0
DA:157,0
DA:159,0
DA:169,0
DA:170,0
DA:207,0
DA:213,0
DA:221,0
DA:222,0
DA:223,0
DA:224,0
DA:225,0
DA:226,0
DA:247,0
DA:248,0
DA:250,0
DA:251,0
DA:253,0
DA:261,0
DA:262,0
DA:263,0
DA:264,0
DA:265,0
DA:266,0
DA:275,1
DA:277,0
DA:278,0
DA:279,0
DA:281,1
DA:282,1
DA:298,0
DA:300,0
DA:303,0
DA:306,0
DA:307,0
DA:308,0
DA:309,0
DA:311,0
DA:312,0
DA:313,0
DA:314,0
DA:316,0
DA:317,0
DA:318,0
DA:321,0
DA:323,0
DA:324,0
DA:325,0
DA:326,0
DA:327,0
DA:328,0
DA:330,0
DA:332,0
DA:334,0
DA:336,0
LF:91
LH:10
end_of_record
SF:lib\network\models\city.g.dart
DA:9,1
DA:10,1
DA:11,2
DA:12,2
DA:13,1
DA:18,0
DA:19,0
DA:20,0
DA:23,1
DA:24,1
DA:25,1
DA:26,1
DA:27,1
DA:28,1
DA:29,1
DA:33,0
DA:34,0
DA:35,0
DA:36,0
DA:37,0
DA:38,0
DA:39,0
LF:22
LH:12
end_of_record
SF:lib\network\models\city.dart
DA:11,2
DA:23,2
DA:27,1
DA:33,1
DA:34,1
DA:37,0
DA:38,0
LF:7
LH:5
end_of_record
SF:lib\network\network_service.dart
DA:22,0
DA:23,0
DA:24,0
DA:28,0
DA:29,0
DA:30,0
DA:34,0
DA:36,0
DA:37,0
DA:40,0
DA:41,0
DA:44,0
DA:45,0
LF:13
LH:0
end_of_record
SF:lib\network\repositories\network_cities_repository.dart
DA:9,1
DA:12,1
DA:14,3
DA:15,3
DA:16,2
DA:17,7
DA:18,1
DA:19,1
DA:20,2
DA:22,1
LF:10
LH:10
end_of_record
SF:lib\network\models\weather.freezed.dart
DA:10,0
DA:11,1
DA:12,1
DA:17,0
DA:20,0
DA:29,0
DA:42,0
DA:43,0
DA:100,0
DA:106,0
DA:117,0
DA:118,0
DA:119,0
DA:120,0
DA:122,0
DA:123,0
DA:125,0
DA:126,0
DA:127,0
DA:128,0
DA:129,0
DA:133,0
DA:135,0
DA:138,0
DA:139,0
DA:143,0
DA:145,0
DA:148,0
DA:149,0
DA:153,0
DA:155,0
DA:158,0
DA:159,0
DA:163,0
DA:165,0
DA:168,0
DA:169,0
DA:173,0
DA:175,0
DA:178,0
DA:179,0
DA:183,0
DA:185,0
DA:188,0
DA:189,0
DA:193,0
DA:195,0
DA:198,0
DA:199,0
DA:203,0
DA:205,0
DA:208,0
DA:209,0
DA:251,0
DA:253,0
DA:255,0
DA:256,0
DA:258,0
DA:269,0
DA:270,0
DA:271,0
DA:272,0
DA:274,0
DA:275,0
DA:277,0
DA:278,0
DA:279,0
DA:280,0
DA:281,0
DA:290,1
DA:299,0
DA:300,0
DA:301,0
DA:302,0
DA:303,0
DA:304,0
DA:305,0
DA:306,0
DA:308,1
DA:309,1
DA:336,0
DA:338,0
DA:341,0
DA:344,0
DA:345,0
DA:347,0
DA:348,0
DA:350,0
DA:351,0
DA:353,0
DA:354,0
DA:356,0
DA:357,0
DA:359,0
DA:360,0
DA:362,0
DA:363,0
DA:365,0
DA:366,0
DA:368,0
DA:371,0
DA:373,0
DA:374,0
DA:375,0
DA:376,0
DA:377,0
DA:378,0
DA:379,0
DA:380,0
DA:381,0
DA:383,0
DA:385,0
DA:387,0
DA:389,0
DA:435,1
DA:436,1
DA:441,0
DA:444,0
DA:446,0
DA:458,0
DA:459,0
DA:497,0
DA:503,0
DA:513,0
DA:514,0
DA:515,0
DA:516,0
DA:517,0
DA:518,0
DA:519,0
DA:520,0
DA:544,0
DA:546,0
DA:548,0
DA:549,0
DA:551,0
DA:561,0
DA:562,0
DA:563,0
DA:564,0
DA:565,0
DA:566,0
DA:567,0
DA:568,0
DA:577,1
DA:579,0
DA:580,0
DA:581,0
DA:582,0
DA:583,0
DA:584,0
DA:585,0
DA:587,1
DA:588,1
DA:605,0
DA:607,0
DA:610,0
DA:613,0
DA:614,0
DA:615,0
DA:616,0
DA:618,0
DA:619,0
DA:621,0
DA:622,0
DA:624,0
DA:625,0
DA:627,0
DA:628,0
DA:630,0
DA:631,0
DA:632,0
DA:635,0
DA:637,0
DA:638,0
DA:639,0
DA:640,0
DA:641,0
DA:642,0
DA:643,0
DA:644,0
DA:646,0
DA:648,0
DA:650,0
DA:652,0
DA:687,1
DA:688,1
DA:693,0
DA:696,0
DA:698,0
DA:706,0
DA:707,0
DA:741,0
DA:747,0
DA:753,0
DA:754,0
DA:755,0
DA:756,0
DA:778,0
DA:780,0
DA:782,0
DA:783,0
DA:785,0
DA:791,0
DA:792,0
DA:793,0
DA:794,0
DA:803,1
DA:806,1
DA:807,1
DA:819,0
DA:821,0
DA:824,0
DA:827,0
DA:828,0
DA:830,0
DA:831,0
DA:833,0
DA:834,0
DA:836,0
DA:839,0
DA:841,0
DA:842,0
DA:843,0
DA:844,0
DA:846,0
DA:848,0
DA:850,0
DA:852,0
DA:878,1
DA:879,1
DA:884,0
DA:887,0
DA:900,0
DA:917,0
DA:918,0
DA:973,0
DA:979,0
DA:994,0
DA:995,0
DA:996,0
DA:997,0
DA:998,0
DA:999,0
DA:1000,0
DA:1001,0
DA:1002,0
DA:1003,0
DA:1004,0
DA:1005,0
DA:1007,0
DA:1008,0
DA:1039,0
DA:1041,0
DA:1043,0
DA:1044,0
DA:1046,0
DA:1061,0
DA:1062,0
DA:1063,0
DA:1064,0
DA:1065,0
DA:1066,0
DA:1067,0
DA:1068,0
DA:1069,0
DA:1070,0
DA:1071,0
DA:1072,0
DA:1073,0
DA:1082,1
DA:1095,0
DA:1096,0
DA:1097,0
DA:1098,0
DA:1099,0
DA:1100,0
DA:1101,0
DA:1102,0
DA:1103,0
DA:1104,0
DA:1105,0
DA:1106,0
DA:1108,1
DA:1109,1
DA:1141,0
DA:1143,0
DA:1146,0
DA:1149,0
DA:1150,0
DA:1151,0
DA:1152,0
DA:1153,0
DA:1154,0
DA:1155,0
DA:1156,0
DA:1157,0
DA:1158,0
DA:1160,0
DA:1161,0
DA:1162,0
DA:1163,0
DA:1165,0
DA:1166,0
DA:1168,0
DA:1169,0
DA:1171,0
DA:1172,0
DA:1174,0
DA:1175,0
DA:1176,0
DA:1177,0
DA:1178,0
DA:1181,0
DA:1183,0
DA:1184,0
DA:1185,0
DA:1186,0
DA:1187,0
DA:1188,0
DA:1189,0
DA:1190,0
DA:1191,0
DA:1192,0
DA:1193,0
DA:1194,0
DA:1195,0
DA:1197,0
DA:1199,0
DA:1202,0
DA:1204,0
DA:1259,1
DA:1260,1
DA:1265,0
DA:1268,0
DA:1279,0
DA:1294,0
DA:1295,0
DA:1345,0
DA:1351,0
DA:1364,0
DA:1365,0
DA:1366,0
DA:1367,0
DA:1368,0
DA:1369,0
DA:1370,0
DA:1371,0
DA:1372,0
DA:1374,0
DA:1375,0
DA:1376,0
DA:1377,0
DA:1407,0
DA:1409,0
DA:1411,0
DA:1412,0
DA:1414,0
DA:1427,0
DA:1428,0
DA:1429,0
DA:1430,0
DA:1431,0
DA:1432,0
DA:1433,0
DA:1434,0
DA:1435,0
DA:1436,0
DA:1437,0
DA:1438,0
DA:1448,1
DA:1459,0
DA:1460,0
DA:1461,0
DA:1462,0
DA:1463,0
DA:1464,0
DA:1465,0
DA:1466,0
DA:1467,0
DA:1468,0
DA:1470,1
DA:1471,1
DA:1499,0
DA:1501,0
DA:1504,0
DA:1507,0
DA:1508,0
DA:1509,0
DA:1510,0
DA:1512,0
DA:1513,0
DA:1515,0
DA:1516,0
DA:1517,0
DA:1518,0
DA:1519,0
DA:1520,0
DA:1522,0
DA:1523,0
DA:1525,0
DA:1526,0
DA:1527,0
DA:1528,0
DA:1530,0
DA:1531,0
DA:1533,0
DA:1536,0
DA:1538,0
DA:1539,0
DA:1540,0
DA:1541,0
DA:1542,0
DA:1543,0
DA:1544,0
DA:1545,0
DA:1546,0
DA:1547,0
DA:1548,0
DA:1550,0
DA:1552,0
DA:1554,0
DA:1556,0
DA:1606,1
DA:1607,1
DA:1612,0
DA:1615,0
DA:1620,0
DA:1629,0
DA:1630,0
DA:1667,0
DA:1673,0
DA:1680,0
DA:1681,0
DA:1682,0
DA:1683,0
DA:1684,0
DA:1686,0
DA:1708,0
DA:1710,0
DA:1712,0
DA:1713,0
DA:1715,0
DA:1722,0
DA:1723,0
DA:1724,0
DA:1725,0
DA:1726,0
DA:1735,1
DA:1740,0
DA:1741,0
DA:1742,0
DA:1743,0
DA:1745,1
DA:1746,1
DA:1761,0
DA:1763,0
DA:1766,0
DA:1769,0
DA:1770,0
DA:1771,0
DA:1772,0
DA:1774,0
DA:1775,0
DA:1777,0
DA:1778,0
DA:1779,0
DA:1782,0
DA:1784,0
DA:1785,0
DA:1786,0
DA:1787,0
DA:1788,0
DA:1790,0
DA:1792,0
DA:1794,0
DA:1796,0
LF:477
LH:30
end_of_record
SF:lib\network\models\weather.dart
DA:26,1
DA:27,1
DA:41,1
DA:42,1
DA:50,1
DA:51,1
DA:75,1
DA:76,1
DA:99,1
DA:100,1
DA:116,1
DA:117,1
LF:12
LH:12
end_of_record
SF:lib\network\models\weather.g.dart
DA:9,1
DA:10,1
DA:11,1
DA:13,2
DA:14,1
DA:16,2
DA:17,1
DA:19,1
DA:20,1
DA:21,1
DA:23,2
DA:24,1
DA:26,2
DA:27,1
DA:29,2
DA:30,1
DA:32,2
DA:33,1
DA:35,2
DA:39,0
DA:40,0
DA:41,0
DA:42,0
DA:43,0
DA:44,0
DA:45,0
DA:46,0
DA:47,0
DA:48,0
DA:51,1
DA:52,1
DA:53,1
DA:54,1
DA:55,1
DA:56,1
DA:57,1
DA:58,1
DA:59,1
DA:63,0
DA:64,0
DA:65,0
DA:66,0
DA:67,0
DA:68,0
DA:69,0
DA:70,0
DA:71,0
DA:74,1
DA:75,1
DA:76,1
DA:77,1
DA:78,1
DA:82,0
DA:83,0
DA:84,0
DA:85,0
DA:86,0
DA:89,1
DA:91,1
DA:92,1
DA:93,1
DA:94,1
DA:95,1
DA:96,1
DA:97,1
DA:98,2
DA:99,1
DA:100,1
DA:101,1
DA:102,1
DA:103,1
DA:107,0
DA:109,0
DA:110,0
DA:111,0
DA:112,0
DA:113,0
DA:114,0
DA:115,0
DA:116,0
DA:117,0
DA:118,0
DA:119,0
DA:120,0
DA:121,0
DA:124,1
DA:125,1
DA:126,1
DA:127,1
DA:128,1
DA:129,1
DA:130,1
DA:131,1
DA:132,1
DA:133,1
DA:134,1
DA:135,2
DA:136,2
DA:137,1
DA:142,0
DA:143,0
DA:144,0
DA:145,0
DA:146,0
DA:147,0
DA:148,0
DA:149,0
DA:150,0
DA:151,0
DA:152,0
DA:153,0
DA:156,1
DA:157,1
DA:158,1
DA:159,1
DA:160,1
DA:161,2
DA:165,0
DA:166,0
DA:167,0
DA:168,0
DA:169,0
DA:170,0
LF:123
LH:67
end_of_record
SF:lib\network\repositories\network_weather_repository.dart
DA:13,1
DA:16,1
DA:19,3
DA:21,1
DA:22,1
DA:23,2
DA:25,1
DA:30,1
DA:33,5
DA:35,1
DA:36,1
DA:37,2
DA:39,1
DA:43,1
DA:44,1
DA:48,1
DA:49,1
DA:53,1
DA:55,2
DA:56,3
DA:57,3
DA:59,3
DA:60,2
DA:61,2
DA:62,2
DA:63,2
DA:64,2
DA:65,2
DA:66,2
DA:67,5
DA:68,1
DA:69,4
DA:70,2
DA:71,3
DA:72,1
DA:73,1
DA:74,1
DA:75,1
DA:76,1
DA:77,1
DA:79,5
DA:80,3
DA:81,1
LF:43
LH:43
end_of_record
